[0.015s] Invoking command in '/home/muhammad/ros2_rt_telemetry_gateway/ros2_ws/build/can_reader': CMAKE_PREFIX_PATH=${CMAKE_PREFIX_PATH}:/opt/ros/jazzy DEBUGINFOD_URLS=https://debuginfod.ubuntu.com /usr/bin/cmake --build /home/muhammad/ros2_rt_telemetry_gateway/ros2_ws/build/can_reader -- -j4 -l4
[0.092s] [ 50%] [32mBuilding CXX object CMakeFiles/can_reader_node.dir/src/can_reader_node.cpp.o[0m
[3.240s] [01m[K/home/muhammad/ros2_rt_telemetry_gateway/ros2_ws/src/can_reader/src/can_reader_node.cpp:[m[K In member function â€˜[01m[Kint CanReaderNode::[01;32m[Kpool_socket[m[K()[m[Kâ€™:
[3.240s] [01m[K/home/muhammad/ros2_rt_telemetry_gateway/ros2_ws/src/can_reader/src/can_reader_node.cpp:73:22:[m[K [01;31m[Kerror: [m[Kâ€˜[01m[Kusing can_msgs::msg::Frame_<std::allocator<void> >::_data_type = struct std::array<unsigned char, 8>[m[Kâ€™ {aka â€˜[01m[Kstruct std::array<unsigned char, 8>[m[Kâ€™} has no member named â€˜[01m[Kresize[m[Kâ€™; did you mean â€˜[01m[Ksize[m[Kâ€™?
[3.240s]    73 |         can_msg.data.[01;31m[Kresize[m[K(frame.can_dlc);
[3.240s]       |                      [01;31m[K^~~~~~[m[K
[3.241s]       |                      [32m[Ksize[m[K
[3.241s] [01m[K/home/muhammad/ros2_rt_telemetry_gateway/ros2_ws/src/can_reader/src/can_reader_node.cpp:74:17:[m[K [01;31m[Kerror: [m[Kâ€˜[01m[Kusing can_msgs::msg::Frame = struct can_msgs::msg::Frame_<std::allocator<void> >[m[Kâ€™ {aka â€˜[01m[Kstruct can_msgs::msg::Frame_<std::allocator<void> >[m[Kâ€™} has no member named â€˜[01m[Kis_errors[m[Kâ€™; did you mean â€˜[01m[Kis_error[m[Kâ€™?
[3.241s]    74 |         can_msg.[01;31m[Kis_errors[m[K = frame.can_id & CAN_ERR_FLAG;
[3.241s]       |                 [01;31m[K^~~~~~~~~[m[K
[3.241s]       |                 [32m[Kis_error[m[K
[4.512s] [01m[K/home/muhammad/ros2_rt_telemetry_gateway/ros2_ws/src/can_reader/src/can_reader_node.cpp:79:1:[m[K [01;35m[Kwarning: [m[Kcontrol reaches end of non-void function [[01;35m[K]8;;https://gcc.gnu.org/onlinedocs/gcc/Warning-Options.html#index-Wreturn-type-Wreturn-type]8;;[m[K]
[4.512s]    79 | [01;35m[K}[m[K
[4.512s]       | [01;35m[K^[m[K
[4.643s] gmake[2]: *** [CMakeFiles/can_reader_node.dir/build.make:76: CMakeFiles/can_reader_node.dir/src/can_reader_node.cpp.o] Error 1
[4.643s] gmake[1]: *** [CMakeFiles/Makefile2:137: CMakeFiles/can_reader_node.dir/all] Error 2
[4.644s] gmake: *** [Makefile:146: all] Error 2
[4.647s] Invoked command in '/home/muhammad/ros2_rt_telemetry_gateway/ros2_ws/build/can_reader' returned '2': CMAKE_PREFIX_PATH=${CMAKE_PREFIX_PATH}:/opt/ros/jazzy DEBUGINFOD_URLS=https://debuginfod.ubuntu.com /usr/bin/cmake --build /home/muhammad/ros2_rt_telemetry_gateway/ros2_ws/build/can_reader -- -j4 -l4
