[01m[K/home/muhammad/ros2_rt_telemetry_gateway/ros2_ws/src/can_reader/src/can_reader_node.cpp:30:20:[m[K [01;31m[Kerror: [m[Kexpected identifier before â€˜[01m[K-[m[Kâ€™ token
   30 |     int socket_fd_([01;31m[K-[m[K1);
      |                    [01;31m[K^[m[K
[01m[K/home/muhammad/ros2_rt_telemetry_gateway/ros2_ws/src/can_reader/src/can_reader_node.cpp:30:20:[m[K [01;31m[Kerror: [m[Kexpected â€˜[01m[K,[m[Kâ€™ or â€˜[01m[K...[m[Kâ€™ before â€˜[01m[K-[m[Kâ€™ token
[01m[K/home/muhammad/ros2_rt_telemetry_gateway/ros2_ws/src/can_reader/src/can_reader_node.cpp:32:5:[m[K [01;31m[Kerror: [m[KISO C++ forbids declaration of â€˜[01m[Kcreate_socket[m[Kâ€™ with no type [[01;31m[K]8;;https://gcc.gnu.org/onlinedocs/gcc/Warning-Options.html#index-fpermissive-fpermissive]8;;[m[K]
   32 |     [01;31m[Kcreate_socket[m[K(){
      |     [01;31m[K^~~~~~~~~~~~~[m[K
[01m[K/home/muhammad/ros2_rt_telemetry_gateway/ros2_ws/src/can_reader/src/can_reader_node.cpp:[m[K In member function â€˜[01m[Kint CanReaderNode::[01;32m[Kcreate_socket[m[K()[m[Kâ€™:
[01m[K/home/muhammad/ros2_rt_telemetry_gateway/ros2_ws/src/can_reader/src/can_reader_node.cpp:33:9:[m[K [01;31m[Kerror: [m[Kinvalid use of member function â€˜[01m[Kint CanReaderNode::[01;32m[Ksocket_fd_[m[K(int)[m[Kâ€™ (did you forget the â€˜[01m[K()[m[Kâ€™ ?)
   33 |         [01;31m[Ksocket_fd_[m[K = socket(PF_CAN, SOCK_RAW, CAN_RAW);
      |         [01;31m[K^~~~~~~~~~[m[K
[01m[K/home/muhammad/ros2_rt_telemetry_gateway/ros2_ws/src/can_reader/src/can_reader_node.cpp:34:13:[m[K [01;31m[Kerror: [m[Kinvalid use of member function â€˜[01m[Kint CanReaderNode::[01;32m[Ksocket_fd_[m[K(int)[m[Kâ€™ (did you forget the â€˜[01m[K()[m[Kâ€™ ?)
   34 |         if ([01;31m[Ksocket_fd_[m[K < 0) {
      |             [01;31m[K^~~~~~~~~~[m[K
[01m[K/home/muhammad/ros2_rt_telemetry_gateway/ros2_ws/src/can_reader/src/can_reader_node.cpp:36:13:[m[K [01;31m[Kerror: [m[Kreturn-statement with no value, in function returning â€˜[01m[Kint[m[Kâ€™ [[01;31m[K]8;;https://gcc.gnu.org/onlinedocs/gcc/Warning-Options.html#index-fpermissive-fpermissive]8;;[m[K]
   36 |             [01;31m[Kreturn[m[K;
      |             [01;31m[K^~~~~~[m[K
[01m[K/home/muhammad/ros2_rt_telemetry_gateway/ros2_ws/src/can_reader/src/can_reader_node.cpp:40:19:[m[K [01;31m[Kerror: [m[Kinvalid use of non-static member function â€˜[01m[Kint CanReaderNode::[01;32m[Ksocket_fd_[m[K(int)[m[Kâ€™
   40 |         if (ioctl([01;31m[Ksocket_fd_[m[K, SIOCGIFINDEX, &ifr) < 0) {
      |                   [01;31m[K^~~~~~~~~~[m[K
[01m[K/home/muhammad/ros2_rt_telemetry_gateway/ros2_ws/src/can_reader/src/can_reader_node.cpp:30:9:[m[K [01;36m[Knote: [m[Kdeclared here
   30 |     int [01;36m[Ksocket_fd_[m[K(-1);
      |         [01;36m[K^~~~~~~~~~[m[K
[01m[K/home/muhammad/ros2_rt_telemetry_gateway/ros2_ws/src/can_reader/src/can_reader_node.cpp:42:19:[m[K [01;31m[Kerror: [m[Kinvalid use of non-static member function â€˜[01m[Kint CanReaderNode::[01;32m[Ksocket_fd_[m[K(int)[m[Kâ€™
   42 |             close([01;31m[Ksocket_fd_[m[K);
      |                   [01;31m[K^~~~~~~~~~[m[K
[01m[K/home/muhammad/ros2_rt_telemetry_gateway/ros2_ws/src/can_reader/src/can_reader_node.cpp:30:9:[m[K [01;36m[Knote: [m[Kdeclared here
   30 |     int [01;36m[Ksocket_fd_[m[K(-1);
      |         [01;36m[K^~~~~~~~~~[m[K
[01m[K/home/muhammad/ros2_rt_telemetry_gateway/ros2_ws/src/can_reader/src/can_reader_node.cpp:43:13:[m[K [01;31m[Kerror: [m[Kreturn-statement with no value, in function returning â€˜[01m[Kint[m[Kâ€™ [[01;31m[K]8;;https://gcc.gnu.org/onlinedocs/gcc/Warning-Options.html#index-fpermissive-fpermissive]8;;[m[K]
   43 |             [01;31m[Kreturn[m[K;
      |             [01;31m[K^~~~~~[m[K
[01m[K/home/muhammad/ros2_rt_telemetry_gateway/ros2_ws/src/can_reader/src/can_reader_node.cpp:51:18:[m[K [01;31m[Kerror: [m[Kinvalid use of non-static member function â€˜[01m[Kint CanReaderNode::[01;32m[Ksocket_fd_[m[K(int)[m[Kâ€™
   51 |         if (bind([01;31m[Ksocket_fd_[m[K, (struct sockaddr *)&addr, sizeof(addr)) < 0) {
      |                  [01;31m[K^~~~~~~~~~[m[K
[01m[K/home/muhammad/ros2_rt_telemetry_gateway/ros2_ws/src/can_reader/src/can_reader_node.cpp:30:9:[m[K [01;36m[Knote: [m[Kdeclared here
   30 |     int [01;36m[Ksocket_fd_[m[K(-1);
      |         [01;36m[K^~~~~~~~~~[m[K
[01m[K/home/muhammad/ros2_rt_telemetry_gateway/ros2_ws/src/can_reader/src/can_reader_node.cpp:53:19:[m[K [01;31m[Kerror: [m[Kinvalid use of non-static member function â€˜[01m[Kint CanReaderNode::[01;32m[Ksocket_fd_[m[K(int)[m[Kâ€™
   53 |             close([01;31m[Ksocket_fd_[m[K);
      |                   [01;31m[K^~~~~~~~~~[m[K
[01m[K/home/muhammad/ros2_rt_telemetry_gateway/ros2_ws/src/can_reader/src/can_reader_node.cpp:30:9:[m[K [01;36m[Knote: [m[Kdeclared here
   30 |     int [01;36m[Ksocket_fd_[m[K(-1);
      |         [01;36m[K^~~~~~~~~~[m[K
[01m[K/home/muhammad/ros2_rt_telemetry_gateway/ros2_ws/src/can_reader/src/can_reader_node.cpp:54:13:[m[K [01;31m[Kerror: [m[Kreturn-statement with no value, in function returning â€˜[01m[Kint[m[Kâ€™ [[01;31m[K]8;;https://gcc.gnu.org/onlinedocs/gcc/Warning-Options.html#index-fpermissive-fpermissive]8;;[m[K]
   54 |             [01;31m[Kreturn[m[K;
      |             [01;31m[K^~~~~~[m[K
[01m[K/home/muhammad/ros2_rt_telemetry_gateway/ros2_ws/src/can_reader/src/can_reader_node.cpp:[m[K In member function â€˜[01m[Kint CanReaderNode::[01;32m[Kpool_socket[m[K()[m[Kâ€™:
[01m[K/home/muhammad/ros2_rt_telemetry_gateway/ros2_ws/src/can_reader/src/can_reader_node.cpp:61:40:[m[K [01;31m[Kerror: [m[Kâ€˜[01m[Kframe[m[Kâ€™ was not declared in this scope
   61 |         int nBytes = read(socket_fd_, &[01;31m[Kframe[m[K, sizeof(struct can_frame));
      |                                        [01;31m[K^~~~~[m[K
[01m[K/home/muhammad/ros2_rt_telemetry_gateway/ros2_ws/src/can_reader/src/can_reader_node.cpp:61:47:[m[K [01;31m[Kerror: [m[Kinvalid application of â€˜[01m[Ksizeof[m[Kâ€™ to incomplete type â€˜[01m[KCanReaderNode::pool_socket()::can_frame[m[Kâ€™
   61 |         int nBytes = read(socket_fd_, &frame, [01;31m[Ksizeof(struct can_frame)[m[K);
      |                                               [01;31m[K^~~~~~~~~~~~~~~~~~~~~~~~[m[K
[01m[K/home/muhammad/ros2_rt_telemetry_gateway/ros2_ws/src/can_reader/src/can_reader_node.cpp:61:27:[m[K [01;31m[Kerror: [m[Kinvalid use of non-static member function â€˜[01m[Kint CanReaderNode::[01;32m[Ksocket_fd_[m[K(int)[m[Kâ€™
   61 |         int nBytes = read([01;31m[Ksocket_fd_[m[K, &frame, sizeof(struct can_frame));
      |                           [01;31m[K^~~~~~~~~~[m[K
[01m[K/home/muhammad/ros2_rt_telemetry_gateway/ros2_ws/src/can_reader/src/can_reader_node.cpp:30:9:[m[K [01;36m[Knote: [m[Kdeclared here
   30 |     int [01;36m[Ksocket_fd_[m[K(-1);
      |         [01;36m[K^~~~~~~~~~[m[K
[01m[K/home/muhammad/ros2_rt_telemetry_gateway/ros2_ws/src/can_reader/src/can_reader_node.cpp:66:29:[m[K [01;31m[Kerror: [m[Kexpected primary-expression before â€˜[01m[Kstruct[m[Kâ€™
   66 |         if(nBytes == sizeof([01;31m[Kstruct[m[K can_fr publish_can_frame(frame)))
      |                             [01;31m[K^~~~~~[m[K
[01m[K/home/muhammad/ros2_rt_telemetry_gateway/ros2_ws/src/can_reader/src/can_reader_node.cpp:66:29:[m[K [01;31m[Kerror: [m[Kexpected â€˜[01m[K)[m[Kâ€™ before â€˜[01m[Kstruct[m[Kâ€™
[01m[K/home/muhammad/ros2_rt_telemetry_gateway/ros2_ws/src/can_reader/src/can_reader_node.cpp:66:28:[m[K [01;36m[Knote: [m[Kto match this â€˜[01m[K([m[Kâ€™
   66 |         if(nBytes == sizeof[01;36m[K([m[Kstruct can_fr publish_can_frame(frame)))
      |                            [01;36m[K^[m[K
[01m[K/home/muhammad/ros2_rt_telemetry_gateway/ros2_ws/src/can_reader/src/can_reader_node.cpp:79:1:[m[K [01;31m[Kerror: [m[Kexpected â€˜[01m[K)[m[Kâ€™ before â€˜[01m[K}[m[Kâ€™ token
   79 | [01;31m[K}[m[K
      | [01;31m[K^[m[K
[01m[K/home/muhammad/ros2_rt_telemetry_gateway/ros2_ws/src/can_reader/src/can_reader_node.cpp:66:11:[m[K [01;36m[Knote: [m[Kto match this â€˜[01m[K([m[Kâ€™
   66 |         if[01;36m[K([m[KnBytes == sizeof(struct can_fr publish_can_frame(frame)))
      |           [01;36m[K^[m[K
[01m[K/home/muhammad/ros2_rt_telemetry_gateway/ros2_ws/src/can_reader/src/can_reader_node.cpp:79:1:[m[K [01;31m[Kerror: [m[Kexpected primary-expression before â€˜[01m[K}[m[Kâ€™ token
   79 | [01;31m[K}[m[K
      | [01;31m[K^[m[K
[01m[K/home/muhammad/ros2_rt_telemetry_gateway/ros2_ws/src/can_reader/src/can_reader_node.cpp:79:1:[m[K [01;35m[Kwarning: [m[Kcontrol reaches end of non-void function [[01;35m[K]8;;https://gcc.gnu.org/onlinedocs/gcc/Warning-Options.html#index-Wreturn-type-Wreturn-type]8;;[m[K]
[01m[K/home/muhammad/ros2_rt_telemetry_gateway/ros2_ws/src/can_reader/src/can_reader_node.cpp:[m[K In member function â€˜[01m[Kint CanReaderNode::[01;32m[Kcreate_socket[m[K()[m[Kâ€™:
[01m[K/home/muhammad/ros2_rt_telemetry_gateway/ros2_ws/src/can_reader/src/can_reader_node.cpp:58:5:[m[K [01;35m[Kwarning: [m[Kcontrol reaches end of non-void function [[01;35m[K]8;;https://gcc.gnu.org/onlinedocs/gcc/Warning-Options.html#index-Wreturn-type-Wreturn-type]8;;[m[K]
   58 |     [01;35m[K}[m[K
      |     [01;35m[K^[m[K
gmake[2]: *** [CMakeFiles/can_reader_node.dir/build.make:76: CMakeFiles/can_reader_node.dir/src/can_reader_node.cpp.o] Error 1
gmake[1]: *** [CMakeFiles/Makefile2:137: CMakeFiles/can_reader_node.dir/all] Error 2
gmake: *** [Makefile:146: all] Error 2
