[0.000000] (-) TimerEvent: {}
[0.000964] (can_reader) JobQueued: {'identifier': 'can_reader', 'dependencies': OrderedDict()}
[0.001243] (can_reader) JobStarted: {'identifier': 'can_reader'}
[0.012998] (can_reader) JobProgress: {'identifier': 'can_reader', 'progress': 'cmake'}
[0.013882] (can_reader) JobProgress: {'identifier': 'can_reader', 'progress': 'build'}
[0.014902] (can_reader) Command: {'cmd': ['/usr/bin/cmake', '--build', '/home/muhammad/ros2_rt_telemetry_gateway/ros2_ws/build/can_reader', '--', '-j4', '-l4'], 'cwd': '/home/muhammad/ros2_rt_telemetry_gateway/ros2_ws/build/can_reader', 'env': OrderedDict({'LESSOPEN': '| /usr/bin/lesspipe %s', 'USER': 'muhammad', 'XDG_SESSION_TYPE': 'wayland', 'SHLVL': '1', 'LD_LIBRARY_PATH': '/opt/ros/jazzy/opt/rviz_ogre_vendor/lib:/opt/ros/jazzy/lib/x86_64-linux-gnu:/opt/ros/jazzy/opt/gz_math_vendor/lib:/opt/ros/jazzy/opt/gz_utils_vendor/lib:/opt/ros/jazzy/opt/gz_cmake_vendor/lib:/opt/ros/jazzy/lib', 'HOME': '/home/muhammad', 'OLDPWD': '/home/muhammad/ros2_rt_telemetry_gateway/ros2_ws/src', 'DESKTOP_SESSION': 'ubuntu', 'ROS_PYTHON_VERSION': '3', 'GNOME_SHELL_SESSION_MODE': 'ubuntu', 'GTK_MODULES': 'gail:atk-bridge', 'DBUS_STARTER_BUS_TYPE': 'session', 'SYSTEMD_EXEC_PID': '2117', 'GSM_SKIP_SSH_AGENT_WORKAROUND': 'true', 'DBUS_SESSION_BUS_ADDRESS': 'unix:path=/run/user/1000/bus,guid=dbeaa8350a0a4bf1095664d069109315', 'COLORTERM': 'truecolor', 'DEBUGINFOD_URLS': 'https://debuginfod.ubuntu.com', 'IM_CONFIG_PHASE': '1', 'WAYLAND_DISPLAY': 'wayland-0', 'ROS_DISTRO': 'jazzy', 'LOGNAME': 'muhammad', '_': '/usr/bin/colcon', 'ROS_VERSION': '2', 'MEMORY_PRESSURE_WATCH': '/sys/fs/cgroup/user.slice/user-1000.slice/user@1000.service/app.slice/app-gnome\\x2dsession\\x2dmanager.slice/gnome-session-manager@ubuntu.service/memory.pressure', 'XDG_SESSION_CLASS': 'user', 'USERNAME': 'muhammad', 'TERM': 'xterm-256color', 'GNOME_DESKTOP_SESSION_ID': 'this-is-deprecated', 'PATH': '/opt/ros/jazzy/bin:/usr/local/sbin:/usr/local/bin:/usr/sbin:/usr/bin:/sbin:/bin:/usr/games:/usr/local/games:/snap/bin:/snap/bin', 'SESSION_MANAGER': 'local/muhammad-MacBookAir7-2:@/tmp/.ICE-unix/2117,unix/muhammad-MacBookAir7-2:/tmp/.ICE-unix/2117', 'XDG_MENU_PREFIX': 'gnome-', 'GNOME_TERMINAL_SCREEN': '/org/gnome/Terminal/screen/e88fad87_d3cf_483b_ba74_7e76c5590a2e', 'GNOME_SETUP_DISPLAY': ':1', 'XDG_RUNTIME_DIR': '/run/user/1000', 'DISPLAY': ':0', 'LANG': 'en_US.UTF-8', 'XDG_CURRENT_DESKTOP': 'ubuntu:GNOME', 'XMODIFIERS': '@im=ibus', 'XDG_SESSION_DESKTOP': 'ubuntu', 'XAUTHORITY': '/run/user/1000/.mutter-Xwaylandauth.ARI9F3', 'LS_COLORS': 'rs=0:di=01;34:ln=01;36:mh=00:pi=40;33:so=01;35:do=01;35:bd=40;33;01:cd=40;33;01:or=40;31;01:mi=00:su=37;41:sg=30;43:ca=00:tw=30;42:ow=34;42:st=37;44:ex=01;32:*.tar=01;31:*.tgz=01;31:*.arc=01;31:*.arj=01;31:*.taz=01;31:*.lha=01;31:*.lz4=01;31:*.lzh=01;31:*.lzma=01;31:*.tlz=01;31:*.txz=01;31:*.tzo=01;31:*.t7z=01;31:*.zip=01;31:*.z=01;31:*.dz=01;31:*.gz=01;31:*.lrz=01;31:*.lz=01;31:*.lzo=01;31:*.xz=01;31:*.zst=01;31:*.tzst=01;31:*.bz2=01;31:*.bz=01;31:*.tbz=01;31:*.tbz2=01;31:*.tz=01;31:*.deb=01;31:*.rpm=01;31:*.jar=01;31:*.war=01;31:*.ear=01;31:*.sar=01;31:*.rar=01;31:*.alz=01;31:*.ace=01;31:*.zoo=01;31:*.cpio=01;31:*.7z=01;31:*.rz=01;31:*.cab=01;31:*.wim=01;31:*.swm=01;31:*.dwm=01;31:*.esd=01;31:*.avif=01;35:*.jpg=01;35:*.jpeg=01;35:*.mjpg=01;35:*.mjpeg=01;35:*.gif=01;35:*.bmp=01;35:*.pbm=01;35:*.pgm=01;35:*.ppm=01;35:*.tga=01;35:*.xbm=01;35:*.xpm=01;35:*.tif=01;35:*.tiff=01;35:*.png=01;35:*.svg=01;35:*.svgz=01;35:*.mng=01;35:*.pcx=01;35:*.mov=01;35:*.mpg=01;35:*.mpeg=01;35:*.m2v=01;35:*.mkv=01;35:*.webm=01;35:*.webp=01;35:*.ogm=01;35:*.mp4=01;35:*.m4v=01;35:*.mp4v=01;35:*.vob=01;35:*.qt=01;35:*.nuv=01;35:*.wmv=01;35:*.asf=01;35:*.rm=01;35:*.rmvb=01;35:*.flc=01;35:*.avi=01;35:*.fli=01;35:*.flv=01;35:*.gl=01;35:*.dl=01;35:*.xcf=01;35:*.xwd=01;35:*.yuv=01;35:*.cgm=01;35:*.emf=01;35:*.ogv=01;35:*.ogx=01;35:*.aac=00;36:*.au=00;36:*.flac=00;36:*.m4a=00;36:*.mid=00;36:*.midi=00;36:*.mka=00;36:*.mp3=00;36:*.mpc=00;36:*.ogg=00;36:*.ra=00;36:*.wav=00;36:*.oga=00;36:*.opus=00;36:*.spx=00;36:*.xspf=00;36:*~=00;90:*#=00;90:*.bak=00;90:*.crdownload=00;90:*.dpkg-dist=00;90:*.dpkg-new=00;90:*.dpkg-old=00;90:*.dpkg-tmp=00;90:*.old=00;90:*.orig=00;90:*.part=00;90:*.rej=00;90:*.rpmnew=00;90:*.rpmorig=00;90:*.rpmsave=00;90:*.swp=00;90:*.tmp=00;90:*.ucf-dist=00;90:*.ucf-new=00;90:*.ucf-old=00;90:', 'GNOME_TERMINAL_SERVICE': ':1.133', 'SSH_AUTH_SOCK': '/run/user/1000/keyring/ssh', 'AMENT_PREFIX_PATH': '/opt/ros/jazzy', 'SHELL': '/bin/bash', 'QT_ACCESSIBILITY': '1', 'GDMSESSION': 'ubuntu', 'LESSCLOSE': '/usr/bin/lesspipe %s %s', 'ROS_AUTOMATIC_DISCOVERY_RANGE': 'SUBNET', 'QT_IM_MODULE': 'ibus', 'PWD': '/home/muhammad/ros2_rt_telemetry_gateway/ros2_ws/build/can_reader', 'LC_ALL': 'en_US.UTF-8', 'XDG_CONFIG_DIRS': '/etc/xdg/xdg-ubuntu:/etc/xdg', 'DBUS_STARTER_ADDRESS': 'unix:path=/run/user/1000/bus,guid=dbeaa8350a0a4bf1095664d069109315', 'XDG_DATA_DIRS': '/usr/share/ubuntu:/usr/share/gnome:/usr/local/share/:/usr/share/:/var/lib/snapd/desktop', 'PYTHONPATH': '/opt/ros/jazzy/lib/python3.12/site-packages', 'COLCON': '1', 'MEMORY_PRESSURE_WRITE': 'c29tZSAyMDAwMDAgMjAwMDAwMAA=', 'VTE_VERSION': '7600', 'CMAKE_PREFIX_PATH': '/opt/ros/jazzy/opt/gz_math_vendor:/opt/ros/jazzy/opt/gz_utils_vendor:/opt/ros/jazzy/opt/gz_cmake_vendor:/opt/ros/jazzy'}), 'shell': False}
[0.094881] (can_reader) StdoutLine: {'line': b'[ 50%] \x1b[32mBuilding CXX object CMakeFiles/can_reader_node.dir/src/can_reader_node.cpp.o\x1b[0m\n'}
[0.099703] (-) TimerEvent: {}
[0.200049] (-) TimerEvent: {}
[0.300377] (-) TimerEvent: {}
[0.400716] (-) TimerEvent: {}
[0.501041] (-) TimerEvent: {}
[0.601381] (-) TimerEvent: {}
[0.701703] (-) TimerEvent: {}
[0.802046] (-) TimerEvent: {}
[0.902371] (-) TimerEvent: {}
[1.002707] (-) TimerEvent: {}
[1.103028] (-) TimerEvent: {}
[1.203375] (-) TimerEvent: {}
[1.303704] (-) TimerEvent: {}
[1.404160] (-) TimerEvent: {}
[1.504515] (-) TimerEvent: {}
[1.604853] (-) TimerEvent: {}
[1.705185] (-) TimerEvent: {}
[1.805518] (-) TimerEvent: {}
[1.905842] (-) TimerEvent: {}
[2.006174] (-) TimerEvent: {}
[2.106497] (-) TimerEvent: {}
[2.206839] (-) TimerEvent: {}
[2.307178] (-) TimerEvent: {}
[2.407526] (-) TimerEvent: {}
[2.507849] (-) TimerEvent: {}
[2.608202] (-) TimerEvent: {}
[2.708577] (-) TimerEvent: {}
[2.808920] (-) TimerEvent: {}
[2.909242] (-) TimerEvent: {}
[3.009584] (-) TimerEvent: {}
[3.109895] (-) TimerEvent: {}
[3.210246] (-) TimerEvent: {}
[3.310621] (-) TimerEvent: {}
[3.348586] (can_reader) StderrLine: {'line': b'\x1b[01m\x1b[K/home/muhammad/ros2_rt_telemetry_gateway/ros2_ws/src/can_reader/src/can_reader_node.cpp:\x1b[m\x1b[K In member function \xe2\x80\x98\x1b[01m\x1b[Kint CanReaderNode::\x1b[01;32m\x1b[Kpool_socket\x1b[m\x1b[K()\x1b[m\x1b[K\xe2\x80\x99:\n'}
[3.349002] (can_reader) StderrLine: {'line': b'\x1b[01m\x1b[K/home/muhammad/ros2_rt_telemetry_gateway/ros2_ws/src/can_reader/src/can_reader_node.cpp:61:40:\x1b[m\x1b[K \x1b[01;31m\x1b[Kerror: \x1b[m\x1b[K\xe2\x80\x98\x1b[01m\x1b[Kframe\x1b[m\x1b[K\xe2\x80\x99 was not declared in this scope\n'}
[3.349251] (can_reader) StderrLine: {'line': b'   61 |         int nBytes = read(socket_fd_, &\x1b[01;31m\x1b[Kframe\x1b[m\x1b[K, sizeof(struct can_frame));\n'}
[3.349683] (can_reader) StderrLine: {'line': b'      |                                        \x1b[01;31m\x1b[K^~~~~\x1b[m\x1b[K\n'}
[3.349910] (can_reader) StderrLine: {'line': b'\x1b[01m\x1b[K/home/muhammad/ros2_rt_telemetry_gateway/ros2_ws/src/can_reader/src/can_reader_node.cpp:61:47:\x1b[m\x1b[K \x1b[01;31m\x1b[Kerror: \x1b[m\x1b[Kinvalid application of \xe2\x80\x98\x1b[01m\x1b[Ksizeof\x1b[m\x1b[K\xe2\x80\x99 to incomplete type \xe2\x80\x98\x1b[01m\x1b[KCanReaderNode::pool_socket()::can_frame\x1b[m\x1b[K\xe2\x80\x99\n'}
[3.350129] (can_reader) StderrLine: {'line': b'   61 |         int nBytes = read(socket_fd_, &frame, \x1b[01;31m\x1b[Ksizeof(struct can_frame)\x1b[m\x1b[K);\n'}
[3.350355] (can_reader) StderrLine: {'line': b'      |                                               \x1b[01;31m\x1b[K^~~~~~~~~~~~~~~~~~~~~~~~\x1b[m\x1b[K\n'}
[3.350563] (can_reader) StderrLine: {'line': b'\x1b[01m\x1b[K/home/muhammad/ros2_rt_telemetry_gateway/ros2_ws/src/can_reader/src/can_reader_node.cpp:66:29:\x1b[m\x1b[K \x1b[01;31m\x1b[Kerror: \x1b[m\x1b[Kexpected primary-expression before \xe2\x80\x98\x1b[01m\x1b[Kstruct\x1b[m\x1b[K\xe2\x80\x99\n'}
[3.350784] (can_reader) StderrLine: {'line': b'   66 |         if(nBytes == sizeof(\x1b[01;31m\x1b[Kstruct\x1b[m\x1b[K can_fr publish_can_frame(frame)))\n'}
[3.350980] (can_reader) StderrLine: {'line': b'      |                             \x1b[01;31m\x1b[K^~~~~~\x1b[m\x1b[K\n'}
[3.351170] (can_reader) StderrLine: {'line': b'\x1b[01m\x1b[K/home/muhammad/ros2_rt_telemetry_gateway/ros2_ws/src/can_reader/src/can_reader_node.cpp:66:29:\x1b[m\x1b[K \x1b[01;31m\x1b[Kerror: \x1b[m\x1b[Kexpected \xe2\x80\x98\x1b[01m\x1b[K)\x1b[m\x1b[K\xe2\x80\x99 before \xe2\x80\x98\x1b[01m\x1b[Kstruct\x1b[m\x1b[K\xe2\x80\x99\n'}
[3.351393] (can_reader) StderrLine: {'line': b'\x1b[01m\x1b[K/home/muhammad/ros2_rt_telemetry_gateway/ros2_ws/src/can_reader/src/can_reader_node.cpp:66:28:\x1b[m\x1b[K \x1b[01;36m\x1b[Knote: \x1b[m\x1b[Kto match this \xe2\x80\x98\x1b[01m\x1b[K(\x1b[m\x1b[K\xe2\x80\x99\n'}
[3.351597] (can_reader) StderrLine: {'line': b'   66 |         if(nBytes == sizeof\x1b[01;36m\x1b[K(\x1b[m\x1b[Kstruct can_fr publish_can_frame(frame)))\n'}
[3.351781] (can_reader) StderrLine: {'line': b'      |                            \x1b[01;36m\x1b[K^\x1b[m\x1b[K\n'}
[3.351963] (can_reader) StderrLine: {'line': b'\x1b[01m\x1b[K/home/muhammad/ros2_rt_telemetry_gateway/ros2_ws/src/can_reader/src/can_reader_node.cpp:79:1:\x1b[m\x1b[K \x1b[01;31m\x1b[Kerror: \x1b[m\x1b[Kexpected \xe2\x80\x98\x1b[01m\x1b[K)\x1b[m\x1b[K\xe2\x80\x99 before \xe2\x80\x98\x1b[01m\x1b[K}\x1b[m\x1b[K\xe2\x80\x99 token\n'}
[3.352152] (can_reader) StderrLine: {'line': b'   79 | \x1b[01;31m\x1b[K}\x1b[m\x1b[K\n'}
[3.352377] (can_reader) StderrLine: {'line': b'      | \x1b[01;31m\x1b[K^\x1b[m\x1b[K\n'}
[3.352590] (can_reader) StderrLine: {'line': b'\x1b[01m\x1b[K/home/muhammad/ros2_rt_telemetry_gateway/ros2_ws/src/can_reader/src/can_reader_node.cpp:66:11:\x1b[m\x1b[K \x1b[01;36m\x1b[Knote: \x1b[m\x1b[Kto match this \xe2\x80\x98\x1b[01m\x1b[K(\x1b[m\x1b[K\xe2\x80\x99\n'}
[3.352791] (can_reader) StderrLine: {'line': b'   66 |         if\x1b[01;36m\x1b[K(\x1b[m\x1b[KnBytes == sizeof(struct can_fr publish_can_frame(frame)))\n'}
[3.352984] (can_reader) StderrLine: {'line': b'      |           \x1b[01;36m\x1b[K^\x1b[m\x1b[K\n'}
[3.353175] (can_reader) StderrLine: {'line': b'\x1b[01m\x1b[K/home/muhammad/ros2_rt_telemetry_gateway/ros2_ws/src/can_reader/src/can_reader_node.cpp:79:1:\x1b[m\x1b[K \x1b[01;31m\x1b[Kerror: \x1b[m\x1b[Kexpected primary-expression before \xe2\x80\x98\x1b[01m\x1b[K}\x1b[m\x1b[K\xe2\x80\x99 token\n'}
[3.353392] (can_reader) StderrLine: {'line': b'   79 | \x1b[01;31m\x1b[K}\x1b[m\x1b[K\n'}
[3.353597] (can_reader) StderrLine: {'line': b'      | \x1b[01;31m\x1b[K^\x1b[m\x1b[K\n'}
[3.410755] (-) TimerEvent: {}
[3.511153] (-) TimerEvent: {}
[3.611601] (-) TimerEvent: {}
[3.712021] (-) TimerEvent: {}
[3.812412] (-) TimerEvent: {}
[3.912812] (-) TimerEvent: {}
[4.013216] (-) TimerEvent: {}
[4.113666] (-) TimerEvent: {}
[4.214098] (-) TimerEvent: {}
[4.314505] (-) TimerEvent: {}
[4.414827] (-) TimerEvent: {}
[4.515148] (-) TimerEvent: {}
[4.608588] (can_reader) StderrLine: {'line': b'\x1b[01m\x1b[K/home/muhammad/ros2_rt_telemetry_gateway/ros2_ws/src/can_reader/src/can_reader_node.cpp:79:1:\x1b[m\x1b[K \x1b[01;35m\x1b[Kwarning: \x1b[m\x1b[Kcontrol reaches end of non-void function [\x1b[01;35m\x1b[K\x1b]8;;https://gcc.gnu.org/onlinedocs/gcc/Warning-Options.html#index-Wreturn-type\x07-Wreturn-type\x1b]8;;\x07\x1b[m\x1b[K]\n'}
[4.615286] (-) TimerEvent: {}
[4.715608] (-) TimerEvent: {}
[4.725035] (can_reader) StderrLine: {'line': b'gmake[2]: *** [CMakeFiles/can_reader_node.dir/build.make:76: CMakeFiles/can_reader_node.dir/src/can_reader_node.cpp.o] Error 1\n'}
[4.725411] (can_reader) StderrLine: {'line': b'gmake[1]: *** [CMakeFiles/Makefile2:137: CMakeFiles/can_reader_node.dir/all] Error 2\n'}
[4.725704] (can_reader) StderrLine: {'line': b'gmake: *** [Makefile:146: all] Error 2\n'}
[4.728518] (can_reader) CommandEnded: {'returncode': 2}
[4.742331] (can_reader) JobEnded: {'identifier': 'can_reader', 'rc': 2}
[4.753059] (-) EventReactorShutdown: {}
