[01m[K/home/muhammad/ros2_rt_telemetry_gateway/ros2_ws/src/can_reader/src/can_reader_node.cpp:[m[K In member function â€˜[01m[Kint CanReaderNode::[01;32m[Kpool_socket[m[K()[m[Kâ€™:
[01m[K/home/muhammad/ros2_rt_telemetry_gateway/ros2_ws/src/can_reader/src/can_reader_node.cpp:66:29:[m[K [01;31m[Kerror: [m[Kexpected primary-expression before â€˜[01m[Kstruct[m[Kâ€™
   66 |         if(nBytes == sizeof([01;31m[Kstruct[m[K can_fr publish_can_frame(frame)))
      |                             [01;31m[K^~~~~~[m[K
[01m[K/home/muhammad/ros2_rt_telemetry_gateway/ros2_ws/src/can_reader/src/can_reader_node.cpp:66:29:[m[K [01;31m[Kerror: [m[Kexpected â€˜[01m[K)[m[Kâ€™ before â€˜[01m[Kstruct[m[Kâ€™
[01m[K/home/muhammad/ros2_rt_telemetry_gateway/ros2_ws/src/can_reader/src/can_reader_node.cpp:66:28:[m[K [01;36m[Knote: [m[Kto match this â€˜[01m[K([m[Kâ€™
   66 |         if(nBytes == sizeof[01;36m[K([m[Kstruct can_fr publish_can_frame(frame)))
      |                            [01;36m[K^[m[K
[01m[K/home/muhammad/ros2_rt_telemetry_gateway/ros2_ws/src/can_reader/src/can_reader_node.cpp:79:1:[m[K [01;31m[Kerror: [m[Kexpected â€˜[01m[K)[m[Kâ€™ before â€˜[01m[K}[m[Kâ€™ token
   79 | [01;31m[K}[m[K
      | [01;31m[K^[m[K
[01m[K/home/muhammad/ros2_rt_telemetry_gateway/ros2_ws/src/can_reader/src/can_reader_node.cpp:66:11:[m[K [01;36m[Knote: [m[Kto match this â€˜[01m[K([m[Kâ€™
   66 |         if[01;36m[K([m[KnBytes == sizeof(struct can_fr publish_can_frame(frame)))
      |           [01;36m[K^[m[K
[01m[K/home/muhammad/ros2_rt_telemetry_gateway/ros2_ws/src/can_reader/src/can_reader_node.cpp:79:1:[m[K [01;31m[Kerror: [m[Kexpected primary-expression before â€˜[01m[K}[m[Kâ€™ token
   79 | [01;31m[K}[m[K
      | [01;31m[K^[m[K
[01m[K/home/muhammad/ros2_rt_telemetry_gateway/ros2_ws/src/can_reader/src/can_reader_node.cpp:79:1:[m[K [01;35m[Kwarning: [m[Kcontrol reaches end of non-void function [[01;35m[K]8;;https://gcc.gnu.org/onlinedocs/gcc/Warning-Options.html#index-Wreturn-type-Wreturn-type]8;;[m[K]
gmake[2]: *** [CMakeFiles/can_reader_node.dir/build.make:76: CMakeFiles/can_reader_node.dir/src/can_reader_node.cpp.o] Error 1
gmake[1]: *** [CMakeFiles/Makefile2:137: CMakeFiles/can_reader_node.dir/all] Error 2
gmake: *** [Makefile:146: all] Error 2
